SF:lib\features\auth\forget_password\data\models\verify_email\verify_email_request.dart
DA:9,1
DA:11,0
DA:12,0
DA:14,0
LF:4
LH:1
end_of_record
SF:lib\features\auth\forget_password\data\models\verify_email\verify_email_request.g.dart
DA:9,0
DA:10,0
DA:11,0
DA:14,0
DA:15,0
DA:16,0
LF:6
LH:0
end_of_record
SF:lib\features\auth\forget_password\data\models\verify_email\verify_email_response.dart
DA:10,1
DA:12,0
DA:13,0
DA:15,0
LF:4
LH:1
end_of_record
SF:lib\features\auth\forget_password\data\models\verify_email\verify_email_response.g.dart
DA:9,0
DA:10,0
DA:11,0
DA:12,0
DA:15,0
DA:17,0
DA:18,0
DA:19,0
LF:8
LH:0
end_of_record
SF:lib\features\auth\forget_password\domain\usecase\verify_email\verify_email_usecase.dart
DA:12,1
DA:14,1
DA:17,2
LF:3
LH:3
end_of_record
SF:lib\core\error_handling\error_handling.dart
DA:4,0
DA:7,0
LF:2
LH:0
end_of_record
SF:lib\features\auth\forget_password\data\models\verify_email\reset_code_response.dart
DA:9,0
DA:11,0
DA:12,0
DA:14,0
LF:4
LH:0
end_of_record
SF:lib\features\auth\forget_password\data\models\verify_email\reset_code_response.g.dart
DA:9,0
DA:10,0
DA:11,0
DA:14,0
DA:15,0
DA:16,0
LF:6
LH:0
end_of_record
SF:lib\features\auth\forget_password\data\models\verify_email\rest_code_request.dart
DA:9,0
DA:11,0
DA:12,0
DA:14,0
LF:4
LH:0
end_of_record
SF:lib\features\auth\forget_password\data\models\verify_email\rest_code_request.g.dart
DA:9,0
DA:10,0
DA:11,0
DA:14,0
DA:15,0
DA:16,0
LF:6
LH:0
end_of_record
SF:lib\features\auth\forget_password\domain\usecase\reset_code\reset_code_usecase.dart
DA:12,0
DA:14,0
DA:17,0
LF:3
LH:0
end_of_record
